<?xml version="1.0" encoding="UTF-8"?>
<!-- Generated by org.testng.reporters.JUnitXMLReporter -->
<testsuite hostname="Finatel-01" ignored="0" name="FreeCRMTest" tests="9" failures="1" timestamp="25 Jul 2018 09:16:22 GMT" time="144.862" errors="0">
  <testcase name="ReportClickable" time="5.507" classname="TestCase.ReportPageTest"/>
  <testcase name="ValidateNewFormClick" time="0.0" classname="TestCase.FormPageTest">
    <skipped/>
  </testcase> <!-- ValidateNewFormClick -->
  <testcase name="ValidateFormFill" time="7.065" classname="TestCase.SignupPageTest"/>
  <testcase name="CompanyClick" time="2.29" classname="TestCase.ContactsPageTest"/>
  <testcase name="ValidateTitle" time="0.029" classname="TestCase.LoginPageTest"/>
  <testcase name="ValidateNewDoc" time="17.247" classname="TestCase.DocumentPageTest"/>
  <testcase name="ValidateTitle" time="6.191" classname="TestCase.SignupPageTest">
    <failure type="java.lang.AssertionError" message="expected [CRMPRO - CRM Pro for customer relationship management, sales, and suppor] but found [CRMPRO - CRM Pro for customer relationship management, sales, and support]">
      <![CDATA[java.lang.AssertionError: expected [CRMPRO - CRM Pro for customer relationship management, sales, and suppor] but found [CRMPRO - CRM Pro for customer relationship management, sales, and support]
	at Pages.Signup.TitleCheck(Signup.java:81)
	at TestCase.SignupPageTest.ValidateTitle(SignupPageTest.java:61)
... Removed 31 stack frames]]>
    </failure>
  </testcase> <!-- ValidateTitle -->
  <testcase name="ValidateLogo" time="0.1" classname="TestCase.LoginPageTest"/>
  <testcase name="ValidateLogin" time="3.65" classname="TestCase.LoginPageTest"/>
</testsuite> <!-- FreeCRMTest -->
