<?xml version="1.0" encoding="UTF-8"?>
<testng-results skipped="0" failed="0" ignored="0" total="1" passed="1">
  <reporter-output>
  </reporter-output>
  <suite name="Default suite" duration-ms="22820" started-at="2018-05-24T04:42:25Z" finished-at="2018-05-24T04:42:48Z">
    <groups>
    </groups>
    <test name="Default test" duration-ms="22820" started-at="2018-05-24T04:42:25Z" finished-at="2018-05-24T04:42:48Z">
      <class name="TestCase.ContactsPageTest">
        <test-method status="PASS" signature="StartUp()[pri:0, instance:TestCase.ContactsPageTest@57fffcd7]" name="StartUp" is-config="true" duration-ms="19587" started-at="2018-05-24T10:12:25Z" finished-at="2018-05-24T10:12:45Z">
          <reporter-output>
          </reporter-output>
        </test-method> <!-- StartUp -->
        <test-method status="PASS" signature="CompanyClick()[pri:1, instance:TestCase.ContactsPageTest@57fffcd7]" name="CompanyClick" duration-ms="2407" started-at="2018-05-24T10:12:45Z" finished-at="2018-05-24T10:12:47Z">
          <reporter-output>
          </reporter-output>
        </test-method> <!-- CompanyClick -->
        <test-method status="PASS" signature="screenShot(org.testng.ITestResult)[pri:0, instance:TestCase.ContactsPageTest@57fffcd7]" name="screenShot" is-config="true" duration-ms="800" started-at="2018-05-24T10:12:47Z" finished-at="2018-05-24T10:12:48Z">
          <params>
            <param index="0">
              <value>
                <![CDATA[[TestResult name=CompanyClick status=SUCCESS method=ContactsPageTest.CompanyClick()[pri:1, instance:TestCase.ContactsPageTest@57fffcd7] output={null}]]]>
              </value>
            </param>
          </params>
          <reporter-output>
          </reporter-output>
        </test-method> <!-- screenShot -->
      </class> <!-- TestCase.ContactsPageTest -->
    </test> <!-- Default test -->
  </suite> <!-- Default suite -->
</testng-results>
